<?xml version="1.0" encoding="UTF-8"?>
<!-- Generated by org.testng.reporters.JUnitXMLReporter -->
<testsuite ignored="4" hostname="QT-INNO-LT0927" failures="0" tests="1" name="Default test" time="12.071" errors="0" timestamp="2022-01-02T11:43:51 IST">
  <testcase classname="Selenium4Features.WebElementsFeatures" name="ElementEnabled" time="3.122"/>
  <testcase classname="Selenium4Features.WebElementsFeatures" name="GetActiveElement" time="0.0">
    <ignored/>
  </testcase> <!-- GetActiveElement -->
  <testcase classname="Selenium4Features.WebElementsFeatures" name="ElementsWithinElements" time="0.0">
    <ignored/>
  </testcase> <!-- ElementsWithinElements -->
  <testcase classname="Selenium4Features.WebElementsFeatures" name="WebElementsList" time="0.0">
    <ignored/>
  </testcase> <!-- WebElementsList -->
  <testcase classname="Selenium4Features.WebElementsFeatures" name="GetAttributes" time="0.0">
    <ignored/>
  </testcase> <!-- GetAttributes -->
</testsuite> <!-- Default test -->
