<?xml version="1.0" encoding="UTF-8"?>
<testng-results ignored="0" total="1" passed="1" failed="0" skipped="0">
  <reporter-output>
  </reporter-output>
  <suite started-at="2021-12-31T19:48:38 IST" name="Default suite" finished-at="2021-12-31T19:48:59 IST" duration-ms="20603">
    <groups>
    </groups>
    <test started-at="2021-12-31T19:48:38 IST" name="Default test" finished-at="2021-12-31T19:48:59 IST" duration-ms="20603">
      <class name="Selenium4Features.KeyboardActions">
        <test-method signature="keydown()[pri:0, instance:Selenium4Features.KeyboardActions@212b5695]" started-at="2021-12-31T19:48:38 IST" name="keydown" description="KeyDown" finished-at="2021-12-31T19:48:59 IST" duration-ms="20501" status="PASS">
          <reporter-output>
          </reporter-output>
        </test-method> <!-- keydown -->
      </class> <!-- Selenium4Features.KeyboardActions -->
    </test> <!-- Default test -->
  </suite> <!-- Default suite -->
</testng-results>
